0 info it worked if it ends with ok
1 verbose cli [ '/usr/local/bin/node',
1 verbose cli   '/usr/local/bin/npm',
1 verbose cli   'unpublish',
1 verbose cli   'AirBridgePlugin',
1 verbose cli   '--force' ]
2 info using npm@3.7.5
3 info using node@v5.6.0
4 warn using --force I sure hope you know what you are doing.
5 silly unpublish args[0] AirBridgePlugin
6 silly unpublish thing Result {
6 silly unpublish   raw: 'AirBridgePlugin',
6 silly unpublish   scope: null,
6 silly unpublish   name: 'AirBridgePlugin',
6 silly unpublish   rawSpec: '',
6 silly unpublish   spec: 'latest',
6 silly unpublish   type: 'tag' }
7 verbose getPublishConfig null
8 silly ls normalized AirBridgePlugin
9 silly gentlyRm /Users/Donutt/.npm/AirBridgePlugin is being purged
10 verbose gentlyRm don't care about contents; nuking /Users/Donutt/.npm/AirBridgePlugin
11 silly vacuum-fs purging /Users/Donutt/.npm/AirBridgePlugin
12 silly vacuum-fs quitting because other entries in /Users/Donutt/.npm
13 silly mapToRegistry name AirBridgePlugin
14 silly mapToRegistry using default registry
15 silly mapToRegistry registry https://registry.npmjs.org/
16 silly mapToRegistry uri https://registry.npmjs.org/AirBridgePlugin
17 verbose get GET as part of write; not caching result
18 verbose request uri https://registry.npmjs.org/AirBridgePlugin?write=true
19 verbose request no auth needed
20 info attempt registry request try #1 at 15:05:04
21 verbose request using bearer token for auth
22 verbose request id 8134b75ed23c8beb
23 http request GET https://registry.npmjs.org/AirBridgePlugin?write=true
24 http 200 https://registry.npmjs.org/AirBridgePlugin?write=true
25 verbose headers { server: 'CouchDB/1.5.0 (Erlang OTP/R16B03)',
25 verbose headers   etag: '"BU473434JRT1FH6N4JHPWFJ0B"',
25 verbose headers   'content-type': 'application/json',
25 verbose headers   'content-encoding': 'gzip',
25 verbose headers   'cache-control': 'max-age=0',
25 verbose headers   'transfer-encoding': 'chunked',
25 verbose headers   'accept-ranges': 'bytes',
25 verbose headers   date: 'Thu, 09 Jun 2016 06:04:58 GMT',
25 verbose headers   via: '1.1 varnish',
25 verbose headers   connection: 'keep-alive',
25 verbose headers   'x-served-by': 'cache-nrt6122-NRT',
25 verbose headers   'x-cache': 'MISS',
25 verbose headers   'x-cache-hits': '0',
25 verbose headers   'x-timer': 'S1465452298.129722,VS0,VE468',
25 verbose headers   vary: 'Accept-Encoding' }
26 silly get cb [ 200,
26 silly get   { server: 'CouchDB/1.5.0 (Erlang OTP/R16B03)',
26 silly get     etag: '"BU473434JRT1FH6N4JHPWFJ0B"',
26 silly get     'content-type': 'application/json',
26 silly get     'content-encoding': 'gzip',
26 silly get     'cache-control': 'max-age=0',
26 silly get     'transfer-encoding': 'chunked',
26 silly get     'accept-ranges': 'bytes',
26 silly get     date: 'Thu, 09 Jun 2016 06:04:58 GMT',
26 silly get     via: '1.1 varnish',
26 silly get     connection: 'keep-alive',
26 silly get     'x-served-by': 'cache-nrt6122-NRT',
26 silly get     'x-cache': 'MISS',
26 silly get     'x-cache-hits': '0',
26 silly get     'x-timer': 'S1465452298.129722,VS0,VE468',
26 silly get     vary: 'Accept-Encoding' } ]
27 verbose get saving AirBridgePlugin to /Users/Donutt/.npm/registry.npmjs.org/AirBridgePlugin_3Fwrite_3Dtrue/.cache.json
28 verbose correctMkdir /Users/Donutt/.npm correctMkdir not in flight; initializing
29 info unpublish No version specified, removing all
30 verbose request uri https://registry.npmjs.org/AirBridgePlugin/-rev/2-f899e87920c68e5891730a7100c2078f
31 verbose request sending authorization for write operation
32 info attempt registry request try #1 at 15:05:05
33 verbose request using bearer token for auth
34 http request DELETE https://registry.npmjs.org/AirBridgePlugin/-rev/2-f899e87920c68e5891730a7100c2078f
35 http 400 https://registry.npmjs.org/AirBridgePlugin/-rev/2-f899e87920c68e5891730a7100c2078f
36 verbose headers { 'content-type': 'application/json',
36 verbose headers   'cache-control': 'max-age=300',
36 verbose headers   'content-length': '17',
36 verbose headers   'accept-ranges': 'bytes',
36 verbose headers   date: 'Thu, 09 Jun 2016 06:04:59 GMT',
36 verbose headers   via: '1.1 varnish',
36 verbose headers   connection: 'keep-alive',
36 verbose headers   'x-served-by': 'cache-nrt6125-NRT',
36 verbose headers   'x-cache': 'MISS',
36 verbose headers   'x-cache-hits': '0',
36 verbose headers   'x-timer': 'S1465452298.942385,VS0,VE457',
36 verbose headers   vary: 'Accept-Encoding' }
37 verbose request invalidating /Users/Donutt/.npm/registry.npmjs.org/AirBridgePlugin on DELETE
38 verbose stack Error: Registry returned 400 for DELETE on https://registry.npmjs.org/AirBridgePlugin/-rev/2-f899e87920c68e5891730a7100c2078f
38 verbose stack     at makeError (/usr/local/lib/node_modules/npm/node_modules/npm-registry-client/lib/request.js:264:12)
38 verbose stack     at CachingRegistryClient.<anonymous> (/usr/local/lib/node_modules/npm/node_modules/npm-registry-client/lib/request.js:242:14)
38 verbose stack     at Request._callback (/usr/local/lib/node_modules/npm/node_modules/npm-registry-client/lib/request.js:172:14)
38 verbose stack     at Request.self.callback (/usr/local/lib/node_modules/npm/node_modules/request/request.js:199:22)
38 verbose stack     at emitTwo (events.js:100:13)
38 verbose stack     at Request.emit (events.js:185:7)
38 verbose stack     at Request.<anonymous> (/usr/local/lib/node_modules/npm/node_modules/request/request.js:1036:10)
38 verbose stack     at emitOne (events.js:95:20)
38 verbose stack     at Request.emit (events.js:182:7)
38 verbose stack     at IncomingMessage.<anonymous> (/usr/local/lib/node_modules/npm/node_modules/request/request.js:963:12)
39 verbose statusCode 400
40 verbose pkgid AirBridgePlugin
41 verbose cwd /Users/Donutt/ab180/2015/Projects/cordova/AirBridgePlugin
42 error Darwin 15.2.0
43 error argv "/usr/local/bin/node" "/usr/local/bin/npm" "unpublish" "AirBridgePlugin" "--force"
44 error node v5.6.0
45 error npm  v3.7.5
46 error code E400
47 error Registry returned 400 for DELETE on https://registry.npmjs.org/AirBridgePlugin/-rev/2-f899e87920c68e5891730a7100c2078f
48 error If you need help, you may report this error at:
48 error     <https://github.com/npm/npm/issues>
49 verbose exit [ 1, true ]
